<?xml version="1.0" encoding="UTF-8"?>
<!-- Generated by org.testng.reporters.JUnitReportReporter -->
<testsuite hostname="Jawids-MacBook-Pro.local" failures="0" tests="4" name="testNG.PracticeOne" time="0.016" errors="0" timestamp="2021-10-25T22:30:07 EDT" skipped="0">
  <testcase classname="testNG.PracticeOne" name="titanic" time="0.011"/>
  <system-out/>
  <testcase classname="testNG.PracticeOne" name="JamesBodd" time="0.001"/>
  <system-out/>
  <testcase classname="testNG.PracticeOne" name="Bmovie" time="0.003"/>
  <system-out/>
  <testcase classname="testNG.PracticeOne" name="HurryPotter" time="0.001"/>
  <system-out/>
</testsuite> <!-- testNG.PracticeOne -->
